LOG:Thu Dec 08 2016 10:17:44 GMT+0800 (中国标准时间)
The System of: Mock-API系统 & fileTag of: mock. Have modify the contrast json file FROM undefined TO sys_1481163464093.json
LOG:Thu Dec 08 2016 10:17:44 GMT+0800 (中国标准时间)
The System of: Mock测试 & fileTag of: test1. Have modify the contrast json file FROM undefined TO test1_1481163464096.json
LOG:Thu Dec 08 2016 10:19:17 GMT+0800 (中国标准时间)
The System of: Mock-API系统 & fileTag of: mock. Have modify the contrast json file FROM sys_1481163464093.json TO sys_1481163557867.json
LOG:Thu Dec 08 2016 10:19:17 GMT+0800 (中国标准时间)
The System of: Mock测试 & fileTag of: test1. Have modify the contrast json file FROM test1_1481163464096.json TO test1_1481163557870.json
LOG:Thu Dec 08 2016 10:22:12 GMT+0800 (中国标准时间)
The System of: Mock-API系统 & fileTag of: mock. Have modify the contrast json file FROM sys_1481163557867.json TO sys_1481163732414.json
LOG:Thu Dec 08 2016 10:22:12 GMT+0800 (中国标准时间)
The System of: Mock测试 & fileTag of: test1. Have modify the contrast json file FROM test1_1481163557870.json TO test1_1481163732418.json
LOG:Thu Dec 08 2016 10:22:38 GMT+0800 (中国标准时间)
The System of: Mock-API系统 & fileTag of: mock. Have modify the contrast json file FROM sys_1481163732414.json TO sys_1481163758974.json
LOG:Thu Dec 08 2016 10:22:38 GMT+0800 (中国标准时间)
The System of: Mock测试 & fileTag of: test1. Have modify the contrast json file FROM test1_1481163732418.json TO test1_1481163758978.json
LOG:Thu Dec 08 2016 10:23:39 GMT+0800 (中国标准时间)
The System of: Mock-API系统 & fileTag of: mock. Have modify the contrast json file FROM sys_1481163758974.json TO sys_1481163819354.json
LOG:Thu Dec 08 2016 10:23:39 GMT+0800 (中国标准时间)
The System of: Mock测试 & fileTag of: test1. Have modify the contrast json file FROM test1_1481163758978.json TO test1_1481163819357.json
LOG:Thu Dec 08 2016 10:28:23 GMT+0800 (中国标准时间)
The System of: Mock-API系统 & fileTag of: mock. Have modify the contrast json file FROM sys_1481163819354.json TO sys_1481164103732.json
LOG:Thu Dec 08 2016 10:28:23 GMT+0800 (中国标准时间)
The System of: Mock测试 & fileTag of: test1. Have modify the contrast json file FROM test1_1481163819357.json TO test1_1481164103735.json
LOG:Thu Dec 08 2016 10:29:14 GMT+0800 (中国标准时间)
The System of: Mock-API系统 & fileTag of: mock. Have modify the contrast json file FROM sys_1481164103732.json TO sys_1481164154141.json
LOG:Thu Dec 08 2016 10:29:14 GMT+0800 (中国标准时间)
The System of: Mock测试 & fileTag of: test1. Have modify the contrast json file FROM test1_1481164103735.json TO test1_1481164154144.json
LOG:Thu Dec 08 2016 10:38:36 GMT+0800 (中国标准时间)
The System of: Mock-API系统 & fileTag of: mock. Have modify the contrast json file FROM sys_1481164154141.json TO sys_1481164716878.json
LOG:Thu Dec 08 2016 10:38:36 GMT+0800 (中国标准时间)
The System of: Mock测试 & fileTag of: test1. Have modify the contrast json file FROM test1_1481164154144.json TO test1_1481164716881.json
LOG:Thu Dec 08 2016 10:39:42 GMT+0800 (中国标准时间)
The System of: Mock-API系统 & fileTag of: mock. Have modify the contrast json file FROM sys_1481164716878.json TO sys_1481164782539.json
LOG:Thu Dec 08 2016 10:39:42 GMT+0800 (中国标准时间)
The System of: Mock测试 & fileTag of: test1. Have modify the contrast json file FROM test1_1481164716881.json TO test1_1481164782541.json
LOG:Thu Dec 08 2016 10:41:52 GMT+0800 (中国标准时间)
The System of: Mock-API系统 & fileTag of: mock. Have modify the contrast json file FROM sys_1481164782539.json TO sys_1481164912052.json
LOG:Thu Dec 08 2016 10:41:52 GMT+0800 (中国标准时间)
The System of: Mock测试 & fileTag of: test1. Have modify the contrast json file FROM test1_1481164782541.json TO test1_1481164912056.json
LOG:Thu Dec 08 2016 10:43:09 GMT+0800 (中国标准时间)
The System of: Mock-API系统 & fileTag of: mock. Have modify the contrast json file FROM sys_1481164912052.json TO sys_1481164989316.json
LOG:Thu Dec 08 2016 10:43:09 GMT+0800 (中国标准时间)
The System of: Mock测试 & fileTag of: test1. Have modify the contrast json file FROM test1_1481164912056.json TO test1_1481164989319.json
LOG:Thu Dec 08 2016 10:46:53 GMT+0800 (中国标准时间)
The System of: Mock-API系统 & fileTag of: mock. Have modify the contrast json file FROM sys_1481164989316.json TO sys_1481165213407.json
LOG:Thu Dec 08 2016 10:48:32 GMT+0800 (中国标准时间)
The System of: Mock-API系统 & fileTag of: mock. Have modify the contrast json file FROM sys_1481165213407.json TO sys_1481165312866.json
LOG:Thu Dec 08 2016 11:22:56 GMT+0800 (中国标准时间)
The System of: Mock-API系统 & fileTag of: mock. Have modify the contrast json file FROM sys_1481165312866.json TO sys_1481167376285.json
LOG:Thu Dec 08 2016 11:22:56 GMT+0800 (中国标准时间)
The System of: Mock测试 & fileTag of: test1. Have modify the contrast json file FROM test1_1481164989319.json TO test1_1481167376286.json
LOG:Thu Dec 08 2016 11:23:54 GMT+0800 (中国标准时间)
The System of: Mock-API系统 & fileTag of: mock. Have modify the contrast json file FROM sys_1481167376285.json TO sys_1481167434798.json
LOG:Thu Dec 08 2016 11:23:54 GMT+0800 (中国标准时间)
The System of: Mock测试 & fileTag of: test1. Have modify the contrast json file FROM test1_1481167376286.json TO test1_1481167434801.json
LOG:Thu Dec 08 2016 11:27:11 GMT+0800 (中国标准时间)
The System of: Mock-API系统 & fileTag of: mock. Have modify the contrast json file FROM sys_1481167434798.json TO sys_1481167631686.json
LOG:Thu Dec 08 2016 11:27:11 GMT+0800 (中国标准时间)
The System of: Mock测试 & fileTag of: test1. Have modify the contrast json file FROM test1_1481167434801.json TO test1_1481167631687.json
LOG:Thu Dec 08 2016 11:28:36 GMT+0800 (中国标准时间)
The System of: Mock-API系统 & fileTag of: mock. Have modify the contrast json file FROM sys_1481167631686.json TO sys_1481167716805.json
LOG:Thu Dec 08 2016 11:28:36 GMT+0800 (中国标准时间)
The System of: Mock测试 & fileTag of: test1. Have modify the contrast json file FROM test1_1481167631687.json TO test1_1481167716807.json
LOG:Thu Dec 08 2016 11:31:22 GMT+0800 (中国标准时间)
The System of: Mock-API系统 & fileTag of: mock. Have modify the contrast json file FROM sys_1481167716805.json TO sys_1481167882214.json
LOG:Thu Dec 08 2016 11:31:22 GMT+0800 (中国标准时间)
The System of: Mock测试 & fileTag of: test1. Have modify the contrast json file FROM test1_1481167716807.json TO test1_1481167882215.json
LOG:Thu Dec 08 2016 11:33:09 GMT+0800 (中国标准时间)
The System of: Mock-API系统 & fileTag of: mock. Have modify the contrast json file FROM sys_1481167882214.json TO sys_1481167989520.json
LOG:Thu Dec 08 2016 11:33:09 GMT+0800 (中国标准时间)
The System of: Mock测试 & fileTag of: test1. Have modify the contrast json file FROM test1_1481167882215.json TO test1_1481167989522.json
LOG:Thu Dec 08 2016 11:37:18 GMT+0800 (中国标准时间)
The System of: Mock-API系统 & fileTag of: mock. Have modify the contrast json file FROM sys_1481167989520.json TO sys_1481168238000.json
LOG:Thu Dec 08 2016 11:37:18 GMT+0800 (中国标准时间)
The System of: Mock测试 & fileTag of: test1. Have modify the contrast json file FROM test1_1481167989522.json TO test1_1481168238002.json
LOG:Thu Dec 08 2016 11:38:22 GMT+0800 (中国标准时间)
The System of: Mock-API系统 & fileTag of: mock. Have modify the contrast json file FROM sys_1481168238000.json TO sys_1481168302846.json
LOG:Thu Dec 08 2016 11:38:22 GMT+0800 (中国标准时间)
The System of: Mock测试 & fileTag of: test1. Have modify the contrast json file FROM test1_1481168238002.json TO test1_1481168302847.json
LOG:Thu Dec 08 2016 11:41:14 GMT+0800 (中国标准时间)
The System of: Mock-API系统 & fileTag of: mock. Have modify the contrast json file FROM sys_1481168302846.json TO sys_1481168474678.json
LOG:Thu Dec 08 2016 11:41:14 GMT+0800 (中国标准时间)
The System of: Mock测试 & fileTag of: test1. Have modify the contrast json file FROM test1_1481168302847.json TO test1_1481168474679.json
LOG:Thu Dec 08 2016 11:41:42 GMT+0800 (中国标准时间)
The System of: Mock-API系统 & fileTag of: mock. Have modify the contrast json file FROM sys_1481168474678.json TO sys_1481168502934.json
LOG:Thu Dec 08 2016 11:41:42 GMT+0800 (中国标准时间)
The System of: Mock测试 & fileTag of: test1. Have modify the contrast json file FROM test1_1481168474679.json TO test1_1481168502935.json
LOG:Thu Dec 08 2016 11:42:28 GMT+0800 (中国标准时间)
The System of: Mock-API系统 & fileTag of: mock. Have modify the contrast json file FROM sys_1481168502934.json TO sys_1481168548558.json
LOG:Thu Dec 08 2016 11:42:28 GMT+0800 (中国标准时间)
The System of: Mock测试 & fileTag of: test1. Have modify the contrast json file FROM test1_1481168502935.json TO test1_1481168548561.json
LOG:Thu Dec 08 2016 11:43:18 GMT+0800 (中国标准时间)
The System of: Mock-API系统 & fileTag of: mock. Have modify the contrast json file FROM sys_1481168548558.json TO sys_1481168598454.json
LOG:Thu Dec 08 2016 11:43:18 GMT+0800 (中国标准时间)
The System of: Mock测试 & fileTag of: test1. Have modify the contrast json file FROM test1_1481168548561.json TO test1_1481168598455.json
LOG:Thu Dec 08 2016 11:43:35 GMT+0800 (中国标准时间)
The System of: Mock-API系统 & fileTag of: mock. Have modify the contrast json file FROM sys_1481168598454.json TO sys_1481168615478.json
LOG:Thu Dec 08 2016 11:43:35 GMT+0800 (中国标准时间)
The System of: Mock测试 & fileTag of: test1. Have modify the contrast json file FROM test1_1481168598455.json TO test1_1481168615480.json
LOG:Thu Dec 08 2016 11:47:31 GMT+0800 (中国标准时间)
The System of: Mock-API系统 & fileTag of: mock. Have modify the contrast json file FROM sys_1481168615478.json TO sys_1481168851023.json
LOG:Thu Dec 08 2016 11:47:31 GMT+0800 (中国标准时间)
The System of: Mock测试 & fileTag of: test1. Have modify the contrast json file FROM test1_1481168615480.json TO test1_1481168851025.json
LOG:Thu Dec 08 2016 12:23:57 GMT+0800 (中国标准时间)
The System of: Mock-API系统 & fileTag of: mock. Have modify the contrast json file FROM sys_1481168851023.json TO sys_1481171037562.json
LOG:Thu Dec 08 2016 12:23:57 GMT+0800 (中国标准时间)
The System of: Mock测试 & fileTag of: test1. Have modify the contrast json file FROM test1_1481168851025.json TO test1_1481171037564.json
LOG:Thu Dec 08 2016 13:50:39 GMT+0800 (中国标准时间)
The System of: Mock-API系统 & fileTag of: mock. Have modify the contrast json file FROM sys_1481171037562.json TO sys_1481176239638.json
LOG:Thu Dec 08 2016 13:50:39 GMT+0800 (中国标准时间)
The System of: Mock测试 & fileTag of: test1. Have modify the contrast json file FROM test1_1481171037564.json TO test1_1481176239640.json
LOG:Thu Dec 08 2016 13:50:39 GMT+0800 (中国标准时间)
The System of: Mock测试 & fileTag of: test2. Have modify the contrast json file FROM undefined TO test2_1481176239641.json
LOG:Thu Dec 08 2016 13:51:17 GMT+0800 (中国标准时间)
The System of: Mock-API系统 & fileTag of: mock. Have modify the contrast json file FROM sys_1481176239638.json TO sys_1481176277004.json
LOG:Thu Dec 08 2016 13:51:17 GMT+0800 (中国标准时间)
The System of: Mock测试 & fileTag of: test1. Have modify the contrast json file FROM test1_1481176239640.json TO test1_1481176277005.json
LOG:Thu Dec 08 2016 13:51:17 GMT+0800 (中国标准时间)
The System of: Mock测试 & fileTag of: test2. Have modify the contrast json file FROM test2_1481176239641.json TO test2_1481176277006.json
LOG:Tue May 23 2017 11:44:14 GMT+0900 (中国标准时间)
The System of: Mock-API系统 & fileTag of: mock. Have modify the contrast json file FROM sys_1481176277004.json TO sys_1495507454204.json
LOG:Tue May 23 2017 11:44:14 GMT+0900 (中国标准时间)
The System of: Mock测试 & fileTag of: test1. Have modify the contrast json file FROM test1_1481176277005.json TO test1_1495507454208.json
LOG:Tue May 23 2017 11:44:14 GMT+0900 (中国标准时间)
The System of: Mock测试 & fileTag of: test2. Have modify the contrast json file FROM test2_1481176277006.json TO test2_1495507454212.json
